app/build/outputs/logs/manifest-merger-debug-report.txt
-- Merging decision tree log ---
manifest
ADDED from src/main/AndroidManifest.xml:2:1-289:12
	package
		ADDED from src/main/AndroidManifest.xml:3:5-33
		INJECTED from src/main/AndroidManifest.xml
		INJECTED from src/main/AndroidManifest.xml
	android:versionName
		ADDED from src/main/AndroidManifest.xml:5:5-30
		INJECTED from src/main/AndroidManifest.xml
		INJECTED from src/main/AndroidManifest.xml
	android:versionCode
		ADDED from src/main/AndroidManifest.xml:4:5-28
		INJECTED from src/main/AndroidManifest.xml
		INJECTED from src/main/AndroidManifest.xml
	xmlns:android
		ADDED from src/main/AndroidManifest.xml:2:11-69
uses-sdk
ADDED from src/main/AndroidManifest.xml:7:5-9:41
MERGED from [kss:fingerprint:unspecified] AndroidManifest.xml:7:5-9:41
MERGED from [io.reactivex:rxandroid:1.2.1] AndroidManifest.xml:19:5-43
MERGED from [com.jcodecraeer:xrecyclerview:1.3.2] AndroidManifest.xml:7:5-9:41
MERGED from [com.android.support:design:25.1.1] AndroidManifest.xml:21:5-23:62
MERGED from [com.android.support:transition:25.1.1] AndroidManifest.xml:20:5-44
MERGED from [com.android.support:appcompat-v7:25.1.1] AndroidManifest.xml:21:5-23:78
MERGED from [com.android.support:support-v4:25.1.1] AndroidManifest.xml:21:5-23:54
MERGED from [com.android.support:support-fragment:25.1.1] AndroidManifest.xml:21:5-23:60
MERGED from [com.android.support:support-media-compat:25.1.1] AndroidManifest.xml:21:5-23:63
MERGED from [com.android.support:support-core-utils:25.1.1] AndroidManifest.xml:21:5-23:61
MERGED from [com.android.support:animated-vector-drawable:25.1.1] AndroidManifest.xml:20:5-44
MERGED from [com.android.support:support-vector-drawable:25.1.1] AndroidManifest.xml:21:5-43
MERGED from [com.zhy:base-rvadapter:3.0.3] AndroidManifest.xml:8:5-10:41
MERGED from [com.android.support:recyclerview-v7:25.1.1] AndroidManifest.xml:20:5-43
MERGED from [com.android.support:support-core-ui:25.1.1] AndroidManifest.xml:21:5-23:58
MERGED from [com.android.support:support-compat:25.1.1] AndroidManifest.xml:21:5-23:58
	tools:overrideLibrary
		ADDED from [com.android.support:design:25.1.1] AndroidManifest.xml:23:9-59
	android:targetSdkVersion
		ADDED from src/main/AndroidManifest.xml:9:9-38
		INJECTED from src/main/AndroidManifest.xml
		INJECTED from src/main/AndroidManifest.xml
	android:minSdkVersion
		ADDED from src/main/AndroidManifest.xml:8:9-35
		INJECTED from src/main/AndroidManifest.xml
		INJECTED from src/main/AndroidManifest.xml
uses-permission#android.permission.MOUNT_UNMOUNT_FILESYSTEMS
ADDED from src/main/AndroidManifest.xml:11:5-84
	android:name
		ADDED from src/main/AndroidManifest.xml:11:22-81
uses-permission#android.permission.WRITE_EXTERNAL_STORAGE
ADDED from src/main/AndroidManifest.xml:12:5-81
MERGED from [kss:fingerprint:unspecified] AndroidManifest.xml:17:5-81
	android:name
		ADDED from src/main/AndroidManifest.xml:12:22-78
uses-permission#android.permission.CAMERA
ADDED from src/main/AndroidManifest.xml:13:5-65
MERGED from [kss:fingerprint:unspecified] AndroidManifest.xml:14:5-65
	android:name
		ADDED from src/main/AndroidManifest.xml:13:22-62
uses-permission#android.permission.RECORD_AUDIO
ADDED from src/main/AndroidManifest.xml:14:5-71
	android:name
		ADDED from src/main/AndroidManifest.xml:14:22-68
uses-permission#android.permission.RECEIVE_BOOT_COMPLETED
ADDED from src/main/AndroidManifest.xml:16:5-81
	android:name
		ADDED from src/main/AndroidManifest.xml:16:22-78
uses-permission#android.permission.ACCESS_SUPERUSER
ADDED from src/main/AndroidManifest.xml:17:5-75
	android:name
		ADDED from src/main/AndroidManifest.xml:17:22-72
uses-permission#android.permission.ACCESS_NETWORK_STATE
ADDED from src/main/AndroidManifest.xml:18:5-79
	android:name
		ADDED from src/main/AndroidManifest.xml:18:22-76
uses-permission#android.permission.INTERNET
ADDED from src/main/AndroidManifest.xml:22:5-67
	android:name
		ADDED from src/main/AndroidManifest.xml:22:22-64
uses-permission#android.permission.ACCESS_WIFI_STATE
ADDED from src/main/AndroidManifest.xml:23:5-76
	android:name
		ADDED from src/main/AndroidManifest.xml:23:22-73
uses-permission#android.permission.CHANGE_WIFI_STATE
ADDED from src/main/AndroidManifest.xml:24:5-76
	android:name
		ADDED from src/main/AndroidManifest.xml:24:22-73
uses-permission#android.permission.READ_PHONE_STATE
ADDED from src/main/AndroidManifest.xml:25:5-75
	android:name
		ADDED from src/main/AndroidManifest.xml:25:22-72
uses-permission#android.permission.READ_EXTERNAL_STORAGE
ADDED from src/main/AndroidManifest.xml:26:5-80
MERGED from [kss:fingerprint:unspecified] AndroidManifest.xml:16:5-80
	android:name
		ADDED from src/main/AndroidManifest.xml:26:22-77
uses-permission#android.permission.INSTALL_PACKAGES
ADDED from src/main/AndroidManifest.xml:27:5-75
	android:name
		ADDED from src/main/AndroidManifest.xml:27:22-72
application
ADDED from src/main/AndroidManifest.xml:31:5-287:19
MERGED from [kss:fingerprint:unspecified] AndroidManifest.xml:19:5-20:19
MERGED from [com.jcodecraeer:xrecyclerview:1.3.2] AndroidManifest.xml:11:5-20
MERGED from [com.android.support:design:25.1.1] AndroidManifest.xml:25:5-20
MERGED from [com.android.support:transition:25.1.1] AndroidManifest.xml:22:5-20
MERGED from [com.android.support:appcompat-v7:25.1.1] AndroidManifest.xml:25:5-20
MERGED from [com.android.support:support-v4:25.1.1] AndroidManifest.xml:25:5-20
MERGED from [com.android.support:support-fragment:25.1.1] AndroidManifest.xml:25:5-20
MERGED from [com.android.support:support-media-compat:25.1.1] AndroidManifest.xml:25:5-20
MERGED from [com.android.support:support-core-utils:25.1.1] AndroidManifest.xml:25:5-20
MERGED from [com.android.support:animated-vector-drawable:25.1.1] AndroidManifest.xml:22:5-20
MERGED from [com.android.support:support-vector-drawable:25.1.1] AndroidManifest.xml:23:5-20
MERGED from [com.android.support:support-core-ui:25.1.1] AndroidManifest.xml:25:5-20
MERGED from [com.android.support:support-compat:25.1.1] AndroidManifest.xml:25:5-20
	android:label
		ADDED from src/main/AndroidManifest.xml:35:9-41
	android:allowBackup
		ADDED from src/main/AndroidManifest.xml:33:9-35
	android:icon
		ADDED from src/main/AndroidManifest.xml:34:9-40
	android:theme
		ADDED from src/main/AndroidManifest.xml:36:9-56
	android:name
		ADDED from src/main/AndroidManifest.xml:32:9-44
activity#com.example.jyxmyt.activity.MainActivity
ADDED from src/main/AndroidManifest.xml:37:9-49:20
	android:screenOrientation
		ADDED from src/main/AndroidManifest.xml:41:13-50
	android:label
		ADDED from src/main/AndroidManifest.xml:39:13-45
	android:launchMode
		ADDED from src/main/AndroidManifest.xml:40:13-48
	android:windowSoftInputMode
		ADDED from src/main/AndroidManifest.xml:43:13-57
	android:theme
		ADDED from src/main/AndroidManifest.xml:42:13-72
	android:name
		ADDED from src/main/AndroidManifest.xml:38:13-50
intent-filter#android.intent.action.MAIN+android.intent.category.LAUNCHER
ADDED from src/main/AndroidManifest.xml:44:13-48:29
action#android.intent.action.MAIN
ADDED from src/main/AndroidManifest.xml:45:17-69
	android:name
		ADDED from src/main/AndroidManifest.xml:45:25-66
category#android.intent.category.LAUNCHER
ADDED from src/main/AndroidManifest.xml:47:17-77
	android:name
		ADDED from src/main/AndroidManifest.xml:47:27-74
activity#com.example.jyxmyt.activity.LogInActivity
ADDED from src/main/AndroidManifest.xml:51:9-55:60
	android:screenOrientation
		ADDED from src/main/AndroidManifest.xml:53:13-50
	android:windowSoftInputMode
		ADDED from src/main/AndroidManifest.xml:55:13-57
	android:theme
		ADDED from src/main/AndroidManifest.xml:54:13-41
	android:name
		ADDED from src/main/AndroidManifest.xml:52:13-51
activity#com.example.jyxmyt.activity.BerthActivity
ADDED from src/main/AndroidManifest.xml:57:9-61:60
	android:screenOrientation
		ADDED from src/main/AndroidManifest.xml:59:13-50
	android:windowSoftInputMode
		ADDED from src/main/AndroidManifest.xml:61:13-57
	android:theme
		ADDED from src/main/AndroidManifest.xml:60:13-72
	android:name
		ADDED from src/main/AndroidManifest.xml:58:13-51
activity#com.example.jyxmyt.activity.ScheduleActivity
ADDED from src/main/AndroidManifest.xml:63:9-67:60
	android:screenOrientation
		ADDED from src/main/AndroidManifest.xml:65:13-50
	android:windowSoftInputMode
		ADDED from src/main/AndroidManifest.xml:67:13-57
	android:theme
		ADDED from src/main/AndroidManifest.xml:66:13-72
	android:name
		ADDED from src/main/AndroidManifest.xml:64:13-54
activity#com.example.jyxmyt.activity.SchedulePersonnelActivity
ADDED from src/main/AndroidManifest.xml:69:9-73:60
	android:screenOrientation
		ADDED from src/main/AndroidManifest.xml:71:13-50
	android:windowSoftInputMode
		ADDED from src/main/AndroidManifest.xml:73:13-57
	android:theme
		ADDED from src/main/AndroidManifest.xml:72:13-72
	android:name
		ADDED from src/main/AndroidManifest.xml:70:13-63
activity#com.example.jyxmyt.activity.DayRestActivity
ADDED from src/main/AndroidManifest.xml:75:9-79:60
	android:screenOrientation
		ADDED from src/main/AndroidManifest.xml:77:13-50
	android:windowSoftInputMode
		ADDED from src/main/AndroidManifest.xml:79:13-57
	android:theme
		ADDED from src/main/AndroidManifest.xml:78:13-72
	android:name
		ADDED from src/main/AndroidManifest.xml:76:13-53
activity#com.example.jyxmyt.activity.ShoppingActivity
ADDED from src/main/AndroidManifest.xml:81:9-85:60
	android:screenOrientation
		ADDED from src/main/AndroidManifest.xml:83:13-50
	android:windowSoftInputMode
		ADDED from src/main/AndroidManifest.xml:85:13-57
	android:theme
		ADDED from src/main/AndroidManifest.xml:84:13-72
	android:name
		ADDED from src/main/AndroidManifest.xml:82:13-54
activity#com.example.jyxmyt.activity.VideoActivity
ADDED from src/main/AndroidManifest.xml:87:9-91:60
	android:screenOrientation
		ADDED from src/main/AndroidManifest.xml:89:13-50
	android:windowSoftInputMode
		ADDED from src/main/AndroidManifest.xml:91:13-57
	android:theme
		ADDED from src/main/AndroidManifest.xml:90:13-72
	android:name
		ADDED from src/main/AndroidManifest.xml:88:13-51
activity#com.example.jyxmyt.activity.VideoPlaybackActivity
ADDED from src/main/AndroidManifest.xml:93:9-97:60
	android:screenOrientation
		ADDED from src/main/AndroidManifest.xml:95:13-50
	android:windowSoftInputMode
		ADDED from src/main/AndroidManifest.xml:97:13-57
	android:theme
		ADDED from src/main/AndroidManifest.xml:96:13-72
	android:name
		ADDED from src/main/AndroidManifest.xml:94:13-59
activity#com.example.jyxmyt.activity.LearningGardenActivity
ADDED from src/main/AndroidManifest.xml:99:9-103:60
	android:screenOrientation
		ADDED from src/main/AndroidManifest.xml:101:13-50
	android:windowSoftInputMode
		ADDED from src/main/AndroidManifest.xml:103:13-57
	android:theme
		ADDED from src/main/AndroidManifest.xml:102:13-72
	android:name
		ADDED from src/main/AndroidManifest.xml:100:13-60
activity#com.example.jyxmyt.activity.LegalAidActivity
ADDED from src/main/AndroidManifest.xml:105:9-109:60
	android:screenOrientation
		ADDED from src/main/AndroidManifest.xml:107:13-50
	android:windowSoftInputMode
		ADDED from src/main/AndroidManifest.xml:109:13-57
	android:theme
		ADDED from src/main/AndroidManifest.xml:108:13-72
	android:name
		ADDED from src/main/AndroidManifest.xml:106:13-54
activity#com.example.jyxmyt.activity.ResearchersReportActivity
ADDED from src/main/AndroidManifest.xml:111:9-115:60
	android:screenOrientation
		ADDED from src/main/AndroidManifest.xml:113:13-50
	android:windowSoftInputMode
		ADDED from src/main/AndroidManifest.xml:115:13-57
	android:theme
		ADDED from src/main/AndroidManifest.xml:114:13-72
	android:name
		ADDED from src/main/AndroidManifest.xml:112:13-63
activity#com.example.jyxmyt.activity.RightsObligationsActivity
ADDED from src/main/AndroidManifest.xml:117:9-121:60
	android:screenOrientation
		ADDED from src/main/AndroidManifest.xml:119:13-50
	android:windowSoftInputMode
		ADDED from src/main/AndroidManifest.xml:121:13-57
	android:theme
		ADDED from src/main/AndroidManifest.xml:120:13-72
	android:name
		ADDED from src/main/AndroidManifest.xml:118:13-63
activity#com.example.jyxmyt.activity.InternalRulesActivity
ADDED from src/main/AndroidManifest.xml:123:9-127:60
	android:screenOrientation
		ADDED from src/main/AndroidManifest.xml:125:13-50
	android:windowSoftInputMode
		ADDED from src/main/AndroidManifest.xml:127:13-57
	android:theme
		ADDED from src/main/AndroidManifest.xml:126:13-72
	android:name
		ADDED from src/main/AndroidManifest.xml:124:13-59
activity#com.example.jyxmyt.activity.InterRulesActivity
ADDED from src/main/AndroidManifest.xml:128:9-132:60
	android:screenOrientation
		ADDED from src/main/AndroidManifest.xml:130:13-50
	android:windowSoftInputMode
		ADDED from src/main/AndroidManifest.xml:132:13-57
	android:theme
		ADDED from src/main/AndroidManifest.xml:131:13-72
	android:name
		ADDED from src/main/AndroidManifest.xml:129:13-56
activity#com.example.jyxmyt.activity.NBContentActivity
ADDED from src/main/AndroidManifest.xml:134:9-138:60
	android:screenOrientation
		ADDED from src/main/AndroidManifest.xml:136:13-50
	android:windowSoftInputMode
		ADDED from src/main/AndroidManifest.xml:138:13-57
	android:theme
		ADDED from src/main/AndroidManifest.xml:137:13-72
	android:name
		ADDED from src/main/AndroidManifest.xml:135:13-55
activity#com.example.jyxmyt.activity.MainMoreActivity
ADDED from src/main/AndroidManifest.xml:141:9-145:60
	android:screenOrientation
		ADDED from src/main/AndroidManifest.xml:143:13-50
	android:windowSoftInputMode
		ADDED from src/main/AndroidManifest.xml:145:13-57
	android:theme
		ADDED from src/main/AndroidManifest.xml:144:13-72
	android:name
		ADDED from src/main/AndroidManifest.xml:142:13-54
activity#com.example.jyxmyt.activity.MoreCaidActivity
ADDED from src/main/AndroidManifest.xml:147:9-151:60
	android:screenOrientation
		ADDED from src/main/AndroidManifest.xml:149:13-50
	android:windowSoftInputMode
		ADDED from src/main/AndroidManifest.xml:151:13-57
	android:theme
		ADDED from src/main/AndroidManifest.xml:150:13-72
	android:name
		ADDED from src/main/AndroidManifest.xml:148:13-54
activity#com.example.jyxmyt.activity.PersonalConsumptionActivity
ADDED from src/main/AndroidManifest.xml:153:9-157:60
	android:screenOrientation
		ADDED from src/main/AndroidManifest.xml:155:13-50
	android:windowSoftInputMode
		ADDED from src/main/AndroidManifest.xml:157:13-57
	android:theme
		ADDED from src/main/AndroidManifest.xml:156:13-72
	android:name
		ADDED from src/main/AndroidManifest.xml:154:13-65
activity#com.example.jyxmyt.activity.MedicalConsumptionActivity
ADDED from src/main/AndroidManifest.xml:160:9-164:60
	android:screenOrientation
		ADDED from src/main/AndroidManifest.xml:162:13-50
	android:windowSoftInputMode
		ADDED from src/main/AndroidManifest.xml:164:13-57
	android:theme
		ADDED from src/main/AndroidManifest.xml:163:13-72
	android:name
		ADDED from src/main/AndroidManifest.xml:161:13-64
activity#com.example.jyxmyt.activity.TVActivity
ADDED from src/main/AndroidManifest.xml:166:9-170:60
	android:screenOrientation
		ADDED from src/main/AndroidManifest.xml:168:13-50
	android:windowSoftInputMode
		ADDED from src/main/AndroidManifest.xml:170:13-57
	android:theme
		ADDED from src/main/AndroidManifest.xml:169:13-72
	android:name
		ADDED from src/main/AndroidManifest.xml:167:13-48
activity#com.example.jyxmyt.activity.ExplainActivity
ADDED from src/main/AndroidManifest.xml:173:9-177:60
	android:screenOrientation
		ADDED from src/main/AndroidManifest.xml:175:13-50
	android:windowSoftInputMode
		ADDED from src/main/AndroidManifest.xml:177:13-57
	android:theme
		ADDED from src/main/AndroidManifest.xml:176:13-72
	android:name
		ADDED from src/main/AndroidManifest.xml:174:13-53
activity#com.example.jyxmyt.activity.FoodActivity
ADDED from src/main/AndroidManifest.xml:180:9-184:60
	android:screenOrientation
		ADDED from src/main/AndroidManifest.xml:182:13-50
	android:windowSoftInputMode
		ADDED from src/main/AndroidManifest.xml:184:13-57
	android:theme
		ADDED from src/main/AndroidManifest.xml:183:13-72
	android:name
		ADDED from src/main/AndroidManifest.xml:181:13-50
activity#com.example.jyxmyt.book.ReadBookActivity
ADDED from src/main/AndroidManifest.xml:186:9-190:60
	android:screenOrientation
		ADDED from src/main/AndroidManifest.xml:188:13-50
	android:windowSoftInputMode
		ADDED from src/main/AndroidManifest.xml:190:13-57
	android:theme
		ADDED from src/main/AndroidManifest.xml:189:13-72
	android:name
		ADDED from src/main/AndroidManifest.xml:187:13-50
activity#com.example.jyxmyt.activity.QuestionnaireActivity
ADDED from src/main/AndroidManifest.xml:192:9-196:60
	android:screenOrientation
		ADDED from src/main/AndroidManifest.xml:194:13-50
	android:windowSoftInputMode
		ADDED from src/main/AndroidManifest.xml:196:13-57
	android:theme
		ADDED from src/main/AndroidManifest.xml:195:13-72
	android:name
		ADDED from src/main/AndroidManifest.xml:193:13-59
activity#com.example.jyxmyt.activity.EvaluationOfHeartActivity
ADDED from src/main/AndroidManifest.xml:198:9-202:60
	android:screenOrientation
		ADDED from src/main/AndroidManifest.xml:200:13-50
	android:windowSoftInputMode
		ADDED from src/main/AndroidManifest.xml:202:13-57
	android:theme
		ADDED from src/main/AndroidManifest.xml:201:13-72
	android:name
		ADDED from src/main/AndroidManifest.xml:199:13-63
receiver#com.example.jyxmyt.manager.BootBroadcastReceiver
ADDED from src/main/AndroidManifest.xml:204:9-210:20
	android:name
		ADDED from src/main/AndroidManifest.xml:204:19-64
intent-filter#android.intent.action.BOOT_COMPLETED+android.intent.category.HOME
ADDED from src/main/AndroidManifest.xml:205:13-209:29
action#android.intent.action.BOOT_COMPLETED
ADDED from src/main/AndroidManifest.xml:206:17-79
	android:name
		ADDED from src/main/AndroidManifest.xml:206:25-76
category#android.intent.category.HOME
ADDED from src/main/AndroidManifest.xml:208:17-73
	android:name
		ADDED from src/main/AndroidManifest.xml:208:27-70
receiver#com.example.jyxmyt.manager.RestartReceiver
ADDED from src/main/AndroidManifest.xml:211:9-217:20
	android:name
		ADDED from src/main/AndroidManifest.xml:211:19-58
intent-filter#android.intent.category.DEFAULT+restart
ADDED from src/main/AndroidManifest.xml:212:13-216:29
action#restart
ADDED from src/main/AndroidManifest.xml:213:17-50
	android:name
		ADDED from src/main/AndroidManifest.xml:213:25-47
category#android.intent.category.DEFAULT
ADDED from src/main/AndroidManifest.xml:215:17-76
	android:name
		ADDED from src/main/AndroidManifest.xml:215:27-73
service#com.example.jyxmyt.service.RestartService
ADDED from src/main/AndroidManifest.xml:219:9-59
	android:name
		ADDED from src/main/AndroidManifest.xml:219:18-56
activity#com.example.jyxmyt.activity.WeekEeducatActivity
ADDED from src/main/AndroidManifest.xml:221:9-225:60
	android:screenOrientation
		ADDED from src/main/AndroidManifest.xml:223:13-50
	android:windowSoftInputMode
		ADDED from src/main/AndroidManifest.xml:225:13-57
	android:theme
		ADDED from src/main/AndroidManifest.xml:224:13-72
	android:name
		ADDED from src/main/AndroidManifest.xml:222:13-57
activity#com.example.jyxmyt.activity.RoomRecordActivity
ADDED from src/main/AndroidManifest.xml:226:9-230:60
	android:screenOrientation
		ADDED from src/main/AndroidManifest.xml:228:13-50
	android:windowSoftInputMode
		ADDED from src/main/AndroidManifest.xml:230:13-57
	android:theme
		ADDED from src/main/AndroidManifest.xml:229:13-72
	android:name
		ADDED from src/main/AndroidManifest.xml:227:13-56
activity#com.example.jyxmyt.activity.BunkAgrementActivity
ADDED from src/main/AndroidManifest.xml:231:9-235:60
	android:screenOrientation
		ADDED from src/main/AndroidManifest.xml:233:13-50
	android:windowSoftInputMode
		ADDED from src/main/AndroidManifest.xml:235:13-57
	android:theme
		ADDED from src/main/AndroidManifest.xml:234:13-72
	android:name
		ADDED from src/main/AndroidManifest.xml:232:13-58
activity#com.example.jyxmyt.activity.ServcieActionActivity
ADDED from src/main/AndroidManifest.xml:236:9-240:67
	android:screenOrientation
		ADDED from src/main/AndroidManifest.xml:238:13-50
	android:windowSoftInputMode
		ADDED from src/main/AndroidManifest.xml:240:13-64
	android:theme
		ADDED from src/main/AndroidManifest.xml:239:13-72
	android:name
		ADDED from src/main/AndroidManifest.xml:237:13-59
activity#com.example.jyxmyt.activity.FingerPrintActivity
ADDED from src/main/AndroidManifest.xml:242:9-246:60
	android:screenOrientation
		ADDED from src/main/AndroidManifest.xml:244:13-50
	android:windowSoftInputMode
		ADDED from src/main/AndroidManifest.xml:246:13-57
	android:theme
		ADDED from src/main/AndroidManifest.xml:245:13-72
	android:name
		ADDED from src/main/AndroidManifest.xml:243:13-57
activity#com.example.jyxmyt.activity.BuyActivity
ADDED from src/main/AndroidManifest.xml:247:9-251:60
	android:screenOrientation
		ADDED from src/main/AndroidManifest.xml:249:13-50
	android:windowSoftInputMode
		ADDED from src/main/AndroidManifest.xml:251:13-57
	android:theme
		ADDED from src/main/AndroidManifest.xml:250:13-72
	android:name
		ADDED from src/main/AndroidManifest.xml:248:13-49
service#com.example.jyxmyt.service.SynFingerServ
ADDED from src/main/AndroidManifest.xml:254:9-260:19
	android:enabled
		ADDED from src/main/AndroidManifest.xml:256:13-35
	android:name
		ADDED from src/main/AndroidManifest.xml:255:13-50
intent-filter#synchfingers
ADDED from src/main/AndroidManifest.xml:257:13-259:29
	android:priority
		ADDED from src/main/AndroidManifest.xml:257:28-51
action#synchfingers
ADDED from src/main/AndroidManifest.xml:258:17-55
	android:name
		ADDED from src/main/AndroidManifest.xml:258:25-52
activity#com.example.jyxmyt.activity.PublicBunkAgrementActivity
ADDED from src/main/AndroidManifest.xml:262:9-266:60
	android:screenOrientation
		ADDED from src/main/AndroidManifest.xml:264:13-50
	android:windowSoftInputMode
		ADDED from src/main/AndroidManifest.xml:266:13-57
	android:theme
		ADDED from src/main/AndroidManifest.xml:265:13-72
	android:name
		ADDED from src/main/AndroidManifest.xml:263:13-64
activity#com.example.jyxmyt.activity.PublicScheduleActivity
ADDED from src/main/AndroidManifest.xml:267:9-271:60
	android:screenOrientation
		ADDED from src/main/AndroidManifest.xml:269:13-50
	android:windowSoftInputMode
		ADDED from src/main/AndroidManifest.xml:271:13-57
	android:theme
		ADDED from src/main/AndroidManifest.xml:270:13-72
	android:name
		ADDED from src/main/AndroidManifest.xml:268:13-60
activity#com.example.jyxmyt.activity.PsychologicalEvaluationActivity
ADDED from src/main/AndroidManifest.xml:272:9-276:15
	android:screenOrientation
		ADDED from src/main/AndroidManifest.xml:273:13-50
	android:windowSoftInputMode
		ADDED from src/main/AndroidManifest.xml:275:13-57
	android:theme
		ADDED from src/main/AndroidManifest.xml:274:13-72
	android:name
		ADDED from src/main/AndroidManifest.xml:272:19-75
activity#com.example.jyxmyt.activity.QuestionnairesActivity
ADDED from src/main/AndroidManifest.xml:277:9-281:15
	android:screenOrientation
		ADDED from src/main/AndroidManifest.xml:278:13-50
	android:windowSoftInputMode
		ADDED from src/main/AndroidManifest.xml:280:13-57
	android:theme
		ADDED from src/main/AndroidManifest.xml:279:13-72
	android:name
		ADDED from src/main/AndroidManifest.xml:277:19-66
activity#com.example.jyxmyt.activity.NotificationsActivity
ADDED from src/main/AndroidManifest.xml:282:9-286:15
	android:screenOrientation
		ADDED from src/main/AndroidManifest.xml:283:13-50
	android:windowSoftInputMode
		ADDED from src/main/AndroidManifest.xml:285:13-57
	android:theme
		ADDED from src/main/AndroidManifest.xml:284:13-72
	android:name
		ADDED from src/main/AndroidManifest.xml:282:19-65
uses-feature#android.hardware.camera
ADDED from [kss:fingerprint:unspecified] AndroidManifest.xml:11:5-60
	android:name
		ADDED from [kss:fingerprint:unspecified] AndroidManifest.xml:11:19-57
uses-feature#android.hardware.camera.autofocus
ADDED from [kss:fingerprint:unspecified] AndroidManifest.xml:12:5-70
	android:name
		ADDED from [kss:fingerprint:unspecified] AndroidManifest.xml:12:19-67
uses-permission#android.permission.FLASHLIGHT
ADDED from [kss:fingerprint:unspecified] AndroidManifest.xml:15:5-69
	android:name
		ADDED from [kss:fingerprint:unspecified] AndroidManifest.xml:15:22-66